android-app/app/build/intermediates/manifest_merge_blame_file/debug/processDebugMainManifest/manifest-merger-blame-debug-report.txt
1<?xml version="1.0" encoding="utf-8"?>
2<manifest xmlns:android="http://schemas.android.com/apk/res/android"
3    package="com.digitalsignage"
4    android:versionCode="2"
5    android:versionName="1.1" >
6
7    <uses-sdk
8        android:minSdkVersion="21"
9        android:targetSdkVersion="35" />
10
11    <!-- Internet permission for WebSocket connection -->
12    <uses-permission android:name="android.permission.INTERNET" />
12-->src\main\AndroidManifest.xml:6:5-67
12-->src\main\AndroidManifest.xml:6:22-64
13    <uses-permission android:name="android.permission.ACCESS_NETWORK_STATE" />
13-->src\main\AndroidManifest.xml:7:5-79
13-->src\main\AndroidManifest.xml:7:22-76
14    <uses-permission android:name="android.permission.ACCESS_WIFI_STATE" />
14-->src\main\AndroidManifest.xml:8:5-76
14-->src\main\AndroidManifest.xml:8:22-73
15
16    <!-- Wake lock to keep screen on -->
17    <uses-permission android:name="android.permission.WAKE_LOCK" />
17-->src\main\AndroidManifest.xml:11:5-68
17-->src\main\AndroidManifest.xml:11:22-65
18
19    <!-- System alert window for overlay display -->
20    <uses-permission android:name="android.permission.SYSTEM_ALERT_WINDOW" />
20-->src\main\AndroidManifest.xml:14:5-78
20-->src\main\AndroidManifest.xml:14:22-75
21
22    <!-- Disable sleep/standby -->
23    <uses-permission android:name="android.permission.DEVICE_POWER" />
23-->src\main\AndroidManifest.xml:17:5-107
23-->src\main\AndroidManifest.xml:17:22-68
24
25    <!-- Boot receiver -->
26    <uses-permission android:name="android.permission.RECEIVE_BOOT_COMPLETED" />
26-->src\main\AndroidManifest.xml:20:5-81
26-->src\main\AndroidManifest.xml:20:22-78
27
28    <!-- Foreground service -->
29    <uses-permission android:name="android.permission.FOREGROUND_SERVICE" />
29-->src\main\AndroidManifest.xml:23:5-77
29-->src\main\AndroidManifest.xml:23:22-74
30    <uses-permission android:name="android.permission.FOREGROUND_SERVICE_SPECIAL_USE" />
30-->src\main\AndroidManifest.xml:24:5-89
30-->src\main\AndroidManifest.xml:24:22-86
31
32    <permission
32-->[androidx.core:core:1.13.1] AndroidManifest.xml:22:5-24:47
33        android:name="com.digitalsignage.DYNAMIC_RECEIVER_NOT_EXPORTED_PERMISSION"
33-->[androidx.core:core:1.13.1] AndroidManifest.xml:23:9-81
34        android:protectionLevel="signature" />
34-->[androidx.core:core:1.13.1] AndroidManifest.xml:24:9-44
35
36    <uses-permission android:name="com.digitalsignage.DYNAMIC_RECEIVER_NOT_EXPORTED_PERMISSION" />
36-->[androidx.core:core:1.13.1] AndroidManifest.xml:26:5-97
36-->[androidx.core:core:1.13.1] AndroidManifest.xml:26:22-94
37
38    <application
38-->src\main\AndroidManifest.xml:26:5-88:19
39        android:allowBackup="true"
39-->src\main\AndroidManifest.xml:27:9-35
40        android:appComponentFactory="androidx.core.app.CoreComponentFactory"
40-->[androidx.core:core:1.13.1] AndroidManifest.xml:28:18-86
41        android:debuggable="true"
42        android:extractNativeLibs="true"
43        android:hardwareAccelerated="true"
43-->src\main\AndroidManifest.xml:31:9-43
44        android:label="@string/app_name"
44-->src\main\AndroidManifest.xml:28:9-41
45        android:theme="@style/AppTheme"
45-->src\main\AndroidManifest.xml:29:9-40
46        android:usesCleartextTraffic="true" >
46-->src\main\AndroidManifest.xml:30:9-44
47
48        <!-- Main Activity - Kiosk Mode Display -->
49        <activity
49-->src\main\AndroidManifest.xml:34:9-47:20
50            android:name="com.digitalsignage.MainActivity"
50-->src\main\AndroidManifest.xml:35:13-41
51            android:configChanges="orientation|screenSize|keyboardHidden"
51-->src\main\AndroidManifest.xml:40:13-74
52            android:exported="true"
52-->src\main\AndroidManifest.xml:36:13-36
53            android:launchMode="singleTask"
53-->src\main\AndroidManifest.xml:37:13-44
54            android:screenOrientation="sensor"
54-->src\main\AndroidManifest.xml:38:13-47
55            android:theme="@style/FullscreenTheme" >
55-->src\main\AndroidManifest.xml:39:13-51
56            <intent-filter>
56-->src\main\AndroidManifest.xml:41:13-46:29
57                <action android:name="android.intent.action.MAIN" />
57-->src\main\AndroidManifest.xml:42:17-69
57-->src\main\AndroidManifest.xml:42:25-66
58
59                <category android:name="android.intent.category.LAUNCHER" />
59-->src\main\AndroidManifest.xml:43:17-77
59-->src\main\AndroidManifest.xml:43:27-74
60                <category android:name="android.intent.category.HOME" />
60-->src\main\AndroidManifest.xml:44:17-73
60-->src\main\AndroidManifest.xml:44:27-70
61                <category android:name="android.intent.category.DEFAULT" />
61-->src\main\AndroidManifest.xml:45:17-76
61-->src\main\AndroidManifest.xml:45:27-73
62            </intent-filter>
63        </activity>
64
65        <!-- Settings Activity -->
66        <activity
66-->src\main\AndroidManifest.xml:50:9-53:47
67            android:name="com.digitalsignage.SettingsActivity"
67-->src\main\AndroidManifest.xml:51:13-45
68            android:exported="false"
68-->src\main\AndroidManifest.xml:52:13-37
69            android:theme="@style/AppTheme" />
69-->src\main\AndroidManifest.xml:53:13-44
70
71        <!-- Background Service -->
72        <service
72-->src\main\AndroidManifest.xml:56:9-64:19
73            android:name="com.digitalsignage.DigitalSignageService"
73-->src\main\AndroidManifest.xml:57:13-50
74            android:enabled="true"
74-->src\main\AndroidManifest.xml:58:13-35
75            android:exported="false"
75-->src\main\AndroidManifest.xml:59:13-37
76            android:foregroundServiceType="specialUse" >
76-->src\main\AndroidManifest.xml:60:13-55
77            <property
77-->src\main\AndroidManifest.xml:61:13-63:67
78                android:name="android.app.PROPERTY_SPECIAL_USE_FGS_SUBTYPE"
78-->src\main\AndroidManifest.xml:62:17-76
79                android:value="Digital signage display service" />
79-->src\main\AndroidManifest.xml:63:17-64
80        </service>
81
82        <!-- Boot Receiver -->
83        <receiver
83-->src\main\AndroidManifest.xml:67:9-76:20
84            android:name="com.digitalsignage.BootReceiver"
84-->src\main\AndroidManifest.xml:68:13-41
85            android:enabled="true"
85-->src\main\AndroidManifest.xml:69:13-35
86            android:exported="true" >
86-->src\main\AndroidManifest.xml:70:13-36
87            <intent-filter android:priority="1000" >
87-->src\main\AndroidManifest.xml:71:13-75:29
87-->src\main\AndroidManifest.xml:71:28-51
88                <action android:name="android.intent.action.BOOT_COMPLETED" />
88-->src\main\AndroidManifest.xml:72:17-79
88-->src\main\AndroidManifest.xml:72:25-76
89                <action android:name="android.intent.action.QUICKBOOT_POWERON" />
89-->src\main\AndroidManifest.xml:73:17-82
89-->src\main\AndroidManifest.xml:73:25-79
90
91                <category android:name="android.intent.category.DEFAULT" />
91-->src\main\AndroidManifest.xml:45:17-76
91-->src\main\AndroidManifest.xml:45:27-73
92            </intent-filter>
93        </receiver>
94
95        <!-- Content Receiver for push updates -->
96        <receiver
96-->src\main\AndroidManifest.xml:79:9-86:20
97            android:name="com.digitalsignage.ContentUpdateReceiver"
97-->src\main\AndroidManifest.xml:80:13-50
98            android:enabled="true"
98-->src\main\AndroidManifest.xml:81:13-35
99            android:exported="false" >
99-->src\main\AndroidManifest.xml:82:13-37
100            <intent-filter>
100-->src\main\AndroidManifest.xml:83:13-85:29
101                <action android:name="com.digitalsignage.CONTENT_UPDATE" />
101-->src\main\AndroidManifest.xml:84:17-76
101-->src\main\AndroidManifest.xml:84:25-73
102            </intent-filter>
103        </receiver>
104
105        <provider
105-->[androidx.emoji2:emoji2:1.3.0] AndroidManifest.xml:24:9-32:20
106            android:name="androidx.startup.InitializationProvider"
106-->[androidx.emoji2:emoji2:1.3.0] AndroidManifest.xml:25:13-67
107            android:authorities="com.digitalsignage.androidx-startup"
107-->[androidx.emoji2:emoji2:1.3.0] AndroidManifest.xml:26:13-68
108            android:exported="false" >
108-->[androidx.emoji2:emoji2:1.3.0] AndroidManifest.xml:27:13-37
109            <meta-data
109-->[androidx.emoji2:emoji2:1.3.0] AndroidManifest.xml:29:13-31:52
110                android:name="androidx.emoji2.text.EmojiCompatInitializer"
110-->[androidx.emoji2:emoji2:1.3.0] AndroidManifest.xml:30:17-75
111                android:value="androidx.startup" />
111-->[androidx.emoji2:emoji2:1.3.0] AndroidManifest.xml:31:17-49
112            <meta-data
112-->[androidx.lifecycle:lifecycle-process:2.6.2] AndroidManifest.xml:29:13-31:52
113                android:name="androidx.lifecycle.ProcessLifecycleInitializer"
113-->[androidx.lifecycle:lifecycle-process:2.6.2] AndroidManifest.xml:30:17-78
114                android:value="androidx.startup" />
114-->[androidx.lifecycle:lifecycle-process:2.6.2] AndroidManifest.xml:31:17-49
115            <meta-data
115-->[androidx.profileinstaller:profileinstaller:1.3.1] AndroidManifest.xml:29:13-31:52
116                android:name="androidx.profileinstaller.ProfileInstallerInitializer"
116-->[androidx.profileinstaller:profileinstaller:1.3.1] AndroidManifest.xml:30:17-85
117                android:value="androidx.startup" />
117-->[androidx.profileinstaller:profileinstaller:1.3.1] AndroidManifest.xml:31:17-49
118        </provider>
119
120        <receiver
120-->[androidx.profileinstaller:profileinstaller:1.3.1] AndroidManifest.xml:34:9-52:20
121            android:name="androidx.profileinstaller.ProfileInstallReceiver"
121-->[androidx.profileinstaller:profileinstaller:1.3.1] AndroidManifest.xml:35:13-76
122            android:directBootAware="false"
122-->[androidx.profileinstaller:profileinstaller:1.3.1] AndroidManifest.xml:36:13-44
123            android:enabled="true"
123-->[androidx.profileinstaller:profileinstaller:1.3.1] AndroidManifest.xml:37:13-35
124            android:exported="true"
124-->[androidx.profileinstaller:profileinstaller:1.3.1] AndroidManifest.xml:38:13-36
125            android:permission="android.permission.DUMP" >
125-->[androidx.profileinstaller:profileinstaller:1.3.1] AndroidManifest.xml:39:13-57
126            <intent-filter>
126-->[androidx.profileinstaller:profileinstaller:1.3.1] AndroidManifest.xml:40:13-42:29
127                <action android:name="androidx.profileinstaller.action.INSTALL_PROFILE" />
127-->[androidx.profileinstaller:profileinstaller:1.3.1] AndroidManifest.xml:41:17-91
127-->[androidx.profileinstaller:profileinstaller:1.3.1] AndroidManifest.xml:41:25-88
128            </intent-filter>
129            <intent-filter>
129-->[androidx.profileinstaller:profileinstaller:1.3.1] AndroidManifest.xml:43:13-45:29
130                <action android:name="androidx.profileinstaller.action.SKIP_FILE" />
130-->[androidx.profileinstaller:profileinstaller:1.3.1] AndroidManifest.xml:44:17-85
130-->[androidx.profileinstaller:profileinstaller:1.3.1] AndroidManifest.xml:44:25-82
131            </intent-filter>
132            <intent-filter>
132-->[androidx.profileinstaller:profileinstaller:1.3.1] AndroidManifest.xml:46:13-48:29
133                <action android:name="androidx.profileinstaller.action.SAVE_PROFILE" />
133-->[androidx.profileinstaller:profileinstaller:1.3.1] AndroidManifest.xml:47:17-88
133-->[androidx.profileinstaller:profileinstaller:1.3.1] AndroidManifest.xml:47:25-85
134            </intent-filter>
135            <intent-filter>
135-->[androidx.profileinstaller:profileinstaller:1.3.1] AndroidManifest.xml:49:13-51:29
136                <action android:name="androidx.profileinstaller.action.BENCHMARK_OPERATION" />
136-->[androidx.profileinstaller:profileinstaller:1.3.1] AndroidManifest.xml:50:17-95
136-->[androidx.profileinstaller:profileinstaller:1.3.1] AndroidManifest.xml:50:25-92
137            </intent-filter>
138        </receiver>
139    </application>
140
141</manifest>